[1.230s] Invoking command in '/home/robotica/Robotica-Taller-1-Final/ros2_ws/src/turtle_bot_3': PYTHONPATH=/home/robotica/Robotica-Taller-1-Final/ros2_ws/build/turtle_bot_3/prefix_override:/usr/lib/python3/dist-packages/colcon_core/task/python/colcon_distutils_commands:/home/robotica/Robotica-Taller-1-Final/ros2_ws/install/turtle_bot_3/lib/python3.10/site-packages:${PYTHONPATH} /usr/bin/python3 -W ignore:setup.py install is deprecated -W ignore:easy_install command is deprecated setup.py egg_info --egg-base ../../build/turtle_bot_3 build --build-base /home/robotica/Robotica-Taller-1-Final/ros2_ws/build/turtle_bot_3/build install --record /home/robotica/Robotica-Taller-1-Final/ros2_ws/build/turtle_bot_3/install.log --single-version-externally-managed install_data
[1.775s] running egg_info
[1.782s] writing ../../build/turtle_bot_3/turtle_bot_3.egg-info/PKG-INFO
[1.783s] writing dependency_links to ../../build/turtle_bot_3/turtle_bot_3.egg-info/dependency_links.txt
[1.784s] writing entry points to ../../build/turtle_bot_3/turtle_bot_3.egg-info/entry_points.txt
[1.785s] writing requirements to ../../build/turtle_bot_3/turtle_bot_3.egg-info/requires.txt
[1.785s] writing top-level names to ../../build/turtle_bot_3/turtle_bot_3.egg-info/top_level.txt
[1.786s] reading manifest file '../../build/turtle_bot_3/turtle_bot_3.egg-info/SOURCES.txt'
[1.790s] writing manifest file '../../build/turtle_bot_3/turtle_bot_3.egg-info/SOURCES.txt'
[1.791s] running build
[1.791s] running build_py
[1.792s] copying turtle_bot_3/turtle_bot_interface.py -> /home/robotica/Robotica-Taller-1-Final/ros2_ws/build/turtle_bot_3/build/lib/turtle_bot_3
[1.793s] running install
[1.795s] running install_lib
[1.796s] copying /home/robotica/Robotica-Taller-1-Final/ros2_ws/build/turtle_bot_3/build/lib/turtle_bot_3/turtle_bot_interface.py -> /home/robotica/Robotica-Taller-1-Final/ros2_ws/install/turtle_bot_3/lib/python3.10/site-packages/turtle_bot_3
[1.798s] byte-compiling /home/robotica/Robotica-Taller-1-Final/ros2_ws/install/turtle_bot_3/lib/python3.10/site-packages/turtle_bot_3/turtle_bot_interface.py to turtle_bot_interface.cpython-310.pyc
[1.801s] Sorry: TabError: inconsistent use of tabs and spaces in indentation (turtle_bot_interface.py, line 76)
[1.801s] running install_data
[1.801s] running install_egg_info
[1.812s] removing '/home/robotica/Robotica-Taller-1-Final/ros2_ws/install/turtle_bot_3/lib/python3.10/site-packages/turtle_bot_3-0.0.0-py3.10.egg-info' (and everything under it)
[1.815s] Copying ../../build/turtle_bot_3/turtle_bot_3.egg-info to /home/robotica/Robotica-Taller-1-Final/ros2_ws/install/turtle_bot_3/lib/python3.10/site-packages/turtle_bot_3-0.0.0-py3.10.egg-info
[1.817s] running install_scripts
[1.881s] Installing turtle_bot_interface script to /home/robotica/Robotica-Taller-1-Final/ros2_ws/install/turtle_bot_3/lib/turtle_bot_3
[1.881s] Installing turtle_bot_player script to /home/robotica/Robotica-Taller-1-Final/ros2_ws/install/turtle_bot_3/lib/turtle_bot_3
[1.881s] Installing turtle_bot_teleop script to /home/robotica/Robotica-Taller-1-Final/ros2_ws/install/turtle_bot_3/lib/turtle_bot_3
[1.883s] writing list of installed files to '/home/robotica/Robotica-Taller-1-Final/ros2_ws/build/turtle_bot_3/install.log'
[1.944s] Invoked command in '/home/robotica/Robotica-Taller-1-Final/ros2_ws/src/turtle_bot_3' returned '0': PYTHONPATH=/home/robotica/Robotica-Taller-1-Final/ros2_ws/build/turtle_bot_3/prefix_override:/usr/lib/python3/dist-packages/colcon_core/task/python/colcon_distutils_commands:/home/robotica/Robotica-Taller-1-Final/ros2_ws/install/turtle_bot_3/lib/python3.10/site-packages:${PYTHONPATH} /usr/bin/python3 -W ignore:setup.py install is deprecated -W ignore:easy_install command is deprecated setup.py egg_info --egg-base ../../build/turtle_bot_3 build --build-base /home/robotica/Robotica-Taller-1-Final/ros2_ws/build/turtle_bot_3/build install --record /home/robotica/Robotica-Taller-1-Final/ros2_ws/build/turtle_bot_3/install.log --single-version-externally-managed install_data
