[1.761s] Invoking command in '/home/robotica/Robotica-Taller-1-Final/ros2_ws/src/turtle_bot_3': PYTHONPATH=/home/robotica/Robotica-Taller-1-Final/ros2_ws/build/turtle_bot_3/prefix_override:/usr/lib/python3/dist-packages/colcon_core/task/python/colcon_distutils_commands:/home/robotica/Robotica-Taller-1-Final/ros2_ws/install/turtle_bot_3/lib/python3.10/site-packages:${PYTHONPATH} /usr/bin/python3 -W ignore:setup.py install is deprecated -W ignore:easy_install command is deprecated setup.py egg_info --egg-base ../../build/turtle_bot_3 build --build-base /home/robotica/Robotica-Taller-1-Final/ros2_ws/build/turtle_bot_3/build install --record /home/robotica/Robotica-Taller-1-Final/ros2_ws/build/turtle_bot_3/install.log --single-version-externally-managed install_data
[2.184s] running egg_info
[2.184s] writing ../../build/turtle_bot_3/turtle_bot_3.egg-info/PKG-INFO
[2.185s] writing dependency_links to ../../build/turtle_bot_3/turtle_bot_3.egg-info/dependency_links.txt
[2.187s] writing entry points to ../../build/turtle_bot_3/turtle_bot_3.egg-info/entry_points.txt
[2.187s] writing requirements to ../../build/turtle_bot_3/turtle_bot_3.egg-info/requires.txt
[2.188s] writing top-level names to ../../build/turtle_bot_3/turtle_bot_3.egg-info/top_level.txt
[2.192s] reading manifest file '../../build/turtle_bot_3/turtle_bot_3.egg-info/SOURCES.txt'
[2.192s] writing manifest file '../../build/turtle_bot_3/turtle_bot_3.egg-info/SOURCES.txt'
[2.194s] running build
[2.194s] running build_py
[2.194s] running install
[2.195s] running install_lib
[2.198s] running install_data
[2.198s] running install_egg_info
[2.200s] removing '/home/robotica/Robotica-Taller-1-Final/ros2_ws/install/turtle_bot_3/lib/python3.10/site-packages/turtle_bot_3-0.0.0-py3.10.egg-info' (and everything under it)
[2.211s] Copying ../../build/turtle_bot_3/turtle_bot_3.egg-info to /home/robotica/Robotica-Taller-1-Final/ros2_ws/install/turtle_bot_3/lib/python3.10/site-packages/turtle_bot_3-0.0.0-py3.10.egg-info
[2.212s] running install_scripts
[2.246s] Installing turtle_bot_interface script to /home/robotica/Robotica-Taller-1-Final/ros2_ws/install/turtle_bot_3/lib/turtle_bot_3
[2.248s] Installing turtle_bot_player script to /home/robotica/Robotica-Taller-1-Final/ros2_ws/install/turtle_bot_3/lib/turtle_bot_3
[2.249s] Installing turtle_bot_teleop script to /home/robotica/Robotica-Taller-1-Final/ros2_ws/install/turtle_bot_3/lib/turtle_bot_3
[2.249s] writing list of installed files to '/home/robotica/Robotica-Taller-1-Final/ros2_ws/build/turtle_bot_3/install.log'
[2.317s] Invoked command in '/home/robotica/Robotica-Taller-1-Final/ros2_ws/src/turtle_bot_3' returned '0': PYTHONPATH=/home/robotica/Robotica-Taller-1-Final/ros2_ws/build/turtle_bot_3/prefix_override:/usr/lib/python3/dist-packages/colcon_core/task/python/colcon_distutils_commands:/home/robotica/Robotica-Taller-1-Final/ros2_ws/install/turtle_bot_3/lib/python3.10/site-packages:${PYTHONPATH} /usr/bin/python3 -W ignore:setup.py install is deprecated -W ignore:easy_install command is deprecated setup.py egg_info --egg-base ../../build/turtle_bot_3 build --build-base /home/robotica/Robotica-Taller-1-Final/ros2_ws/build/turtle_bot_3/build install --record /home/robotica/Robotica-Taller-1-Final/ros2_ws/build/turtle_bot_3/install.log --single-version-externally-managed install_data
