[0.626s] Invoking command in '/home/robotica/ros2_ws/src/turtle_bot_3': PYTHONPATH=/home/robotica/ros2_ws/build/turtle_bot_3/prefix_override:/usr/lib/python3/dist-packages/colcon_core/task/python/colcon_distutils_commands:/home/robotica/ros2_ws/install/turtle_bot_3/lib/python3.10/site-packages:${PYTHONPATH} /usr/bin/python3 -W ignore:setup.py install is deprecated -W ignore:easy_install command is deprecated setup.py egg_info --egg-base ../../build/turtle_bot_3 build --build-base /home/robotica/ros2_ws/build/turtle_bot_3/build install --record /home/robotica/ros2_ws/build/turtle_bot_3/install.log --single-version-externally-managed install_data
[0.825s] running egg_info
[0.827s] writing ../../build/turtle_bot_3/turtle_bot_3.egg-info/PKG-INFO
[0.828s] writing dependency_links to ../../build/turtle_bot_3/turtle_bot_3.egg-info/dependency_links.txt
[0.828s] writing entry points to ../../build/turtle_bot_3/turtle_bot_3.egg-info/entry_points.txt
[0.828s] writing requirements to ../../build/turtle_bot_3/turtle_bot_3.egg-info/requires.txt
[0.828s] writing top-level names to ../../build/turtle_bot_3/turtle_bot_3.egg-info/top_level.txt
[0.829s] reading manifest file '../../build/turtle_bot_3/turtle_bot_3.egg-info/SOURCES.txt'
[0.830s] writing manifest file '../../build/turtle_bot_3/turtle_bot_3.egg-info/SOURCES.txt'
[0.830s] running build
[0.830s] running build_py
[0.830s] copying turtle_bot_3/turtle_bot_player.py -> /home/robotica/ros2_ws/build/turtle_bot_3/build/lib/turtle_bot_3
[0.830s] running install
[0.831s] running install_lib
[0.831s] copying /home/robotica/ros2_ws/build/turtle_bot_3/build/lib/turtle_bot_3/turtle_bot_player.py -> /home/robotica/ros2_ws/install/turtle_bot_3/lib/python3.10/site-packages/turtle_bot_3
[0.831s] byte-compiling /home/robotica/ros2_ws/install/turtle_bot_3/lib/python3.10/site-packages/turtle_bot_3/turtle_bot_player.py to turtle_bot_player.cpython-310.pyc
[0.832s] running install_data
[0.833s] running install_egg_info
[0.835s] removing '/home/robotica/ros2_ws/install/turtle_bot_3/lib/python3.10/site-packages/turtle_bot_3-0.0.0-py3.10.egg-info' (and everything under it)
[0.835s] Copying ../../build/turtle_bot_3/turtle_bot_3.egg-info to /home/robotica/ros2_ws/install/turtle_bot_3/lib/python3.10/site-packages/turtle_bot_3-0.0.0-py3.10.egg-info
[0.835s] running install_scripts
[0.853s] Installing turtle_bot_interface script to /home/robotica/ros2_ws/install/turtle_bot_3/lib/turtle_bot_3
[0.853s] Installing turtle_bot_player script to /home/robotica/ros2_ws/install/turtle_bot_3/lib/turtle_bot_3
[0.853s] Installing turtle_bot_teleop script to /home/robotica/ros2_ws/install/turtle_bot_3/lib/turtle_bot_3
[0.854s] writing list of installed files to '/home/robotica/ros2_ws/build/turtle_bot_3/install.log'
[0.885s] Invoked command in '/home/robotica/ros2_ws/src/turtle_bot_3' returned '0': PYTHONPATH=/home/robotica/ros2_ws/build/turtle_bot_3/prefix_override:/usr/lib/python3/dist-packages/colcon_core/task/python/colcon_distutils_commands:/home/robotica/ros2_ws/install/turtle_bot_3/lib/python3.10/site-packages:${PYTHONPATH} /usr/bin/python3 -W ignore:setup.py install is deprecated -W ignore:easy_install command is deprecated setup.py egg_info --egg-base ../../build/turtle_bot_3 build --build-base /home/robotica/ros2_ws/build/turtle_bot_3/build install --record /home/robotica/ros2_ws/build/turtle_bot_3/install.log --single-version-externally-managed install_data
