/home/robotica/Robotica-Taller-1-Final/ros2_ws/install/turtle_bot_3/lib/python3.10/site-packages/turtle_bot_3/turtle_bot_player.py
/home/robotica/Robotica-Taller-1-Final/ros2_ws/install/turtle_bot_3/lib/python3.10/site-packages/turtle_bot_3/turtle_bot_interface.py
/home/robotica/Robotica-Taller-1-Final/ros2_ws/install/turtle_bot_3/lib/python3.10/site-packages/turtle_bot_3/__init__.py
/home/robotica/Robotica-Taller-1-Final/ros2_ws/install/turtle_bot_3/lib/python3.10/site-packages/turtle_bot_3/turtle_bot_teleop.py
/home/robotica/Robotica-Taller-1-Final/ros2_ws/install/turtle_bot_3/lib/python3.10/site-packages/turtle_bot_3/__pycache__/turtle_bot_player.cpython-310.pyc
/home/robotica/Robotica-Taller-1-Final/ros2_ws/install/turtle_bot_3/lib/python3.10/site-packages/turtle_bot_3/__pycache__/turtle_bot_interface.cpython-310.pyc
/home/robotica/Robotica-Taller-1-Final/ros2_ws/install/turtle_bot_3/lib/python3.10/site-packages/turtle_bot_3/__pycache__/__init__.cpython-310.pyc
/home/robotica/Robotica-Taller-1-Final/ros2_ws/install/turtle_bot_3/lib/python3.10/site-packages/turtle_bot_3/__pycache__/turtle_bot_teleop.cpython-310.pyc
/home/robotica/Robotica-Taller-1-Final/ros2_ws/install/turtle_bot_3/share/ament_index/resource_index/packages/turtle_bot_3
/home/robotica/Robotica-Taller-1-Final/ros2_ws/install/turtle_bot_3/share/turtle_bot_3/package.xml
/home/robotica/Robotica-Taller-1-Final/ros2_ws/install/turtle_bot_3/lib/python3.10/site-packages/turtle_bot_3-0.0.0-py3.10.egg-info/SOURCES.txt
/home/robotica/Robotica-Taller-1-Final/ros2_ws/install/turtle_bot_3/lib/python3.10/site-packages/turtle_bot_3-0.0.0-py3.10.egg-info/PKG-INFO
/home/robotica/Robotica-Taller-1-Final/ros2_ws/install/turtle_bot_3/lib/python3.10/site-packages/turtle_bot_3-0.0.0-py3.10.egg-info/entry_points.txt
/home/robotica/Robotica-Taller-1-Final/ros2_ws/install/turtle_bot_3/lib/python3.10/site-packages/turtle_bot_3-0.0.0-py3.10.egg-info/zip-safe
/home/robotica/Robotica-Taller-1-Final/ros2_ws/install/turtle_bot_3/lib/python3.10/site-packages/turtle_bot_3-0.0.0-py3.10.egg-info/dependency_links.txt
/home/robotica/Robotica-Taller-1-Final/ros2_ws/install/turtle_bot_3/lib/python3.10/site-packages/turtle_bot_3-0.0.0-py3.10.egg-info/requires.txt
/home/robotica/Robotica-Taller-1-Final/ros2_ws/install/turtle_bot_3/lib/python3.10/site-packages/turtle_bot_3-0.0.0-py3.10.egg-info/top_level.txt
/home/robotica/Robotica-Taller-1-Final/ros2_ws/install/turtle_bot_3/lib/turtle_bot_3/turtle_bot_interface
/home/robotica/Robotica-Taller-1-Final/ros2_ws/install/turtle_bot_3/lib/turtle_bot_3/turtle_bot_player
/home/robotica/Robotica-Taller-1-Final/ros2_ws/install/turtle_bot_3/lib/turtle_bot_3/turtle_bot_teleop
