[0.976s] Invoking command in '/home/robotica/ros2_ws/src/turtle_bot_3': PYTHONPATH=/home/robotica/ros2_ws/build/turtle_bot_3/prefix_override:/usr/lib/python3/dist-packages/colcon_core/task/python/colcon_distutils_commands:/home/robotica/ros2_ws/install/turtle_bot_3/lib/python3.10/site-packages:${PYTHONPATH} /usr/bin/python3 -W ignore:setup.py install is deprecated -W ignore:easy_install command is deprecated setup.py egg_info --egg-base ../../build/turtle_bot_3 build --build-base /home/robotica/ros2_ws/build/turtle_bot_3/build install --record /home/robotica/ros2_ws/build/turtle_bot_3/install.log --single-version-externally-managed install_data
[1.295s] running egg_info
[1.296s] writing ../../build/turtle_bot_3/turtle_bot_3.egg-info/PKG-INFO
[1.297s] writing dependency_links to ../../build/turtle_bot_3/turtle_bot_3.egg-info/dependency_links.txt
[1.298s] writing entry points to ../../build/turtle_bot_3/turtle_bot_3.egg-info/entry_points.txt
[1.299s] writing requirements to ../../build/turtle_bot_3/turtle_bot_3.egg-info/requires.txt
[1.299s] writing top-level names to ../../build/turtle_bot_3/turtle_bot_3.egg-info/top_level.txt
[1.303s] reading manifest file '../../build/turtle_bot_3/turtle_bot_3.egg-info/SOURCES.txt'
[1.321s] writing manifest file '../../build/turtle_bot_3/turtle_bot_3.egg-info/SOURCES.txt'
[1.322s] running build
[1.323s] running build_py
[1.323s] copying turtle_bot_3/turtle_bot_player.py -> /home/robotica/ros2_ws/build/turtle_bot_3/build/lib/turtle_bot_3
[1.323s] copying turtle_bot_3/turtle_bot_interface.py -> /home/robotica/ros2_ws/build/turtle_bot_3/build/lib/turtle_bot_3
[1.324s] running install
[1.325s] running install_lib
[1.327s] copying /home/robotica/ros2_ws/build/turtle_bot_3/build/lib/turtle_bot_3/turtle_bot_player.py -> /home/robotica/ros2_ws/install/turtle_bot_3/lib/python3.10/site-packages/turtle_bot_3
[1.327s] copying /home/robotica/ros2_ws/build/turtle_bot_3/build/lib/turtle_bot_3/turtle_bot_interface.py -> /home/robotica/ros2_ws/install/turtle_bot_3/lib/python3.10/site-packages/turtle_bot_3
[1.329s] byte-compiling /home/robotica/ros2_ws/install/turtle_bot_3/lib/python3.10/site-packages/turtle_bot_3/turtle_bot_player.py to turtle_bot_player.cpython-310.pyc
[1.331s] byte-compiling /home/robotica/ros2_ws/install/turtle_bot_3/lib/python3.10/site-packages/turtle_bot_3/turtle_bot_interface.py to turtle_bot_interface.cpython-310.pyc
[1.333s] running install_data
[1.334s] running install_egg_info
[1.337s] removing '/home/robotica/ros2_ws/install/turtle_bot_3/lib/python3.10/site-packages/turtle_bot_3-0.0.0-py3.10.egg-info' (and everything under it)
[1.337s] Copying ../../build/turtle_bot_3/turtle_bot_3.egg-info to /home/robotica/ros2_ws/install/turtle_bot_3/lib/python3.10/site-packages/turtle_bot_3-0.0.0-py3.10.egg-info
[1.337s] running install_scripts
[1.374s] Installing turtle_bot_interface script to /home/robotica/ros2_ws/install/turtle_bot_3/lib/turtle_bot_3
[1.376s] Installing turtle_bot_player script to /home/robotica/ros2_ws/install/turtle_bot_3/lib/turtle_bot_3
[1.377s] Installing turtle_bot_teleop script to /home/robotica/ros2_ws/install/turtle_bot_3/lib/turtle_bot_3
[1.379s] writing list of installed files to '/home/robotica/ros2_ws/build/turtle_bot_3/install.log'
[1.444s] Invoked command in '/home/robotica/ros2_ws/src/turtle_bot_3' returned '0': PYTHONPATH=/home/robotica/ros2_ws/build/turtle_bot_3/prefix_override:/usr/lib/python3/dist-packages/colcon_core/task/python/colcon_distutils_commands:/home/robotica/ros2_ws/install/turtle_bot_3/lib/python3.10/site-packages:${PYTHONPATH} /usr/bin/python3 -W ignore:setup.py install is deprecated -W ignore:easy_install command is deprecated setup.py egg_info --egg-base ../../build/turtle_bot_3 build --build-base /home/robotica/ros2_ws/build/turtle_bot_3/build install --record /home/robotica/ros2_ws/build/turtle_bot_3/install.log --single-version-externally-managed install_data
