[0.221s] DEBUG:colcon:Command line arguments: ['/usr/bin/colcon', 'build', '--packages-select', 'turtle_bot_3']
[0.221s] DEBUG:colcon:Parsed command line arguments: Namespace(log_base=None, log_level=None, verb_name='build', build_base='build', install_base='install', merge_install=False, symlink_install=False, test_result_base=None, continue_on_error=False, executor='parallel', parallel_workers=4, event_handlers=None, ignore_user_meta=False, metas=['./colcon.meta'], base_paths=['.'], packages_ignore=None, packages_ignore_regex=None, paths=None, packages_up_to=None, packages_up_to_regex=None, packages_above=None, packages_above_and_dependencies=None, packages_above_depth=None, packages_select_by_dep=None, packages_skip_by_dep=None, packages_skip_up_to=None, packages_select_build_failed=False, packages_skip_build_finished=False, packages_select_test_failures=False, packages_skip_test_passed=False, packages_select=['turtle_bot_3'], packages_skip=None, packages_select_regex=None, packages_skip_regex=None, packages_start=None, packages_end=None, allow_overriding=[], cmake_args=None, cmake_target=None, cmake_target_skip_unavailable=False, cmake_clean_cache=False, cmake_clean_first=False, cmake_force_configure=False, ament_cmake_args=None, catkin_cmake_args=None, catkin_skip_building_tests=False, mixin_files=None, mixin=None, verb_parser=<colcon_mixin.mixin.mixin_argument.MixinArgumentDecorator object at 0x79cd3475dc60>, verb_extension=<colcon_core.verb.build.BuildVerb object at 0x79cd3475d7b0>, main=<bound method BuildVerb.main of <colcon_core.verb.build.BuildVerb object at 0x79cd3475d7b0>>, mixin_verb=('build',))
[0.442s] Level 1:colcon.colcon_core.package_discovery:discover_packages(colcon_meta) check parameters
[0.442s] Level 1:colcon.colcon_core.package_discovery:discover_packages(recursive) check parameters
[0.442s] Level 1:colcon.colcon_core.package_discovery:discover_packages(ignore) check parameters
[0.442s] Level 1:colcon.colcon_core.package_discovery:discover_packages(path) check parameters
[0.442s] Level 1:colcon.colcon_core.package_discovery:discover_packages(colcon_meta) discover
[0.443s] Level 1:colcon.colcon_core.package_discovery:discover_packages(recursive) discover
[0.443s] INFO:colcon.colcon_core.package_discovery:Crawling recursively for packages in '/home/robotica/Robotica-Taller-1-Final/ros2_ws'
[0.443s] Level 1:colcon.colcon_core.package_identification:_identify(.) by extensions ['ignore', 'ignore_ament_install']
[0.443s] Level 1:colcon.colcon_core.package_identification:_identify(.) by extension 'ignore'
[0.444s] Level 1:colcon.colcon_core.package_identification:_identify(.) by extension 'ignore_ament_install'
[0.444s] Level 1:colcon.colcon_core.package_identification:_identify(.) by extensions ['colcon_pkg']
[0.444s] Level 1:colcon.colcon_core.package_identification:_identify(.) by extension 'colcon_pkg'
[0.444s] Level 1:colcon.colcon_core.package_identification:_identify(.) by extensions ['colcon_meta']
[0.444s] Level 1:colcon.colcon_core.package_identification:_identify(.) by extension 'colcon_meta'
[0.444s] Level 1:colcon.colcon_core.package_identification:_identify(.) by extensions ['ros']
[0.444s] Level 1:colcon.colcon_core.package_identification:_identify(.) by extension 'ros'
[0.463s] Level 1:colcon.colcon_core.package_identification:_identify(.) by extensions ['cmake', 'python']
[0.463s] Level 1:colcon.colcon_core.package_identification:_identify(.) by extension 'cmake'
[0.463s] Level 1:colcon.colcon_core.package_identification:_identify(.) by extension 'python'
[0.463s] Level 1:colcon.colcon_core.package_identification:_identify(.) by extensions ['python_setup_py']
[0.463s] Level 1:colcon.colcon_core.package_identification:_identify(.) by extension 'python_setup_py'
[0.463s] Level 1:colcon.colcon_core.package_identification:_identify(build) by extensions ['ignore', 'ignore_ament_install']
[0.464s] Level 1:colcon.colcon_core.package_identification:_identify(build) by extension 'ignore'
[0.464s] Level 1:colcon.colcon_core.package_identification:_identify(build) ignored
[0.464s] Level 1:colcon.colcon_core.package_identification:_identify(install) by extensions ['ignore', 'ignore_ament_install']
[0.464s] Level 1:colcon.colcon_core.package_identification:_identify(install) by extension 'ignore'
[0.464s] Level 1:colcon.colcon_core.package_identification:_identify(install) ignored
[0.464s] Level 1:colcon.colcon_core.package_identification:_identify(log) by extensions ['ignore', 'ignore_ament_install']
[0.465s] Level 1:colcon.colcon_core.package_identification:_identify(log) by extension 'ignore'
[0.465s] Level 1:colcon.colcon_core.package_identification:_identify(log) ignored
[0.465s] Level 1:colcon.colcon_core.package_identification:_identify(src) by extensions ['ignore', 'ignore_ament_install']
[0.465s] Level 1:colcon.colcon_core.package_identification:_identify(src) by extension 'ignore'
[0.465s] Level 1:colcon.colcon_core.package_identification:_identify(src) by extension 'ignore_ament_install'
[0.465s] Level 1:colcon.colcon_core.package_identification:_identify(src) by extensions ['colcon_pkg']
[0.466s] Level 1:colcon.colcon_core.package_identification:_identify(src) by extension 'colcon_pkg'
[0.466s] Level 1:colcon.colcon_core.package_identification:_identify(src) by extensions ['colcon_meta']
[0.466s] Level 1:colcon.colcon_core.package_identification:_identify(src) by extension 'colcon_meta'
[0.466s] Level 1:colcon.colcon_core.package_identification:_identify(src) by extensions ['ros']
[0.466s] Level 1:colcon.colcon_core.package_identification:_identify(src) by extension 'ros'
[0.466s] Level 1:colcon.colcon_core.package_identification:_identify(src) by extensions ['cmake', 'python']
[0.466s] Level 1:colcon.colcon_core.package_identification:_identify(src) by extension 'cmake'
[0.466s] Level 1:colcon.colcon_core.package_identification:_identify(src) by extension 'python'
[0.466s] Level 1:colcon.colcon_core.package_identification:_identify(src) by extensions ['python_setup_py']
[0.466s] Level 1:colcon.colcon_core.package_identification:_identify(src) by extension 'python_setup_py'
[0.466s] Level 1:colcon.colcon_core.package_identification:_identify(src/turtle_bot_3) by extensions ['ignore', 'ignore_ament_install']
[0.466s] Level 1:colcon.colcon_core.package_identification:_identify(src/turtle_bot_3) by extension 'ignore'
[0.467s] Level 1:colcon.colcon_core.package_identification:_identify(src/turtle_bot_3) by extension 'ignore_ament_install'
[0.467s] Level 1:colcon.colcon_core.package_identification:_identify(src/turtle_bot_3) by extensions ['colcon_pkg']
[0.467s] Level 1:colcon.colcon_core.package_identification:_identify(src/turtle_bot_3) by extension 'colcon_pkg'
[0.467s] Level 1:colcon.colcon_core.package_identification:_identify(src/turtle_bot_3) by extensions ['colcon_meta']
[0.467s] Level 1:colcon.colcon_core.package_identification:_identify(src/turtle_bot_3) by extension 'colcon_meta'
[0.467s] Level 1:colcon.colcon_core.package_identification:_identify(src/turtle_bot_3) by extensions ['ros']
[0.467s] Level 1:colcon.colcon_core.package_identification:_identify(src/turtle_bot_3) by extension 'ros'
[0.473s] DEBUG:colcon.colcon_core.package_identification:Package 'src/turtle_bot_3' with type 'ros.ament_python' and name 'turtle_bot_3'
[0.474s] Level 1:colcon.colcon_core.package_discovery:discover_packages(recursive) using defaults
[0.474s] Level 1:colcon.colcon_core.package_discovery:discover_packages(ignore) discover
[0.474s] Level 1:colcon.colcon_core.package_discovery:discover_packages(ignore) using defaults
[0.474s] Level 1:colcon.colcon_core.package_discovery:discover_packages(path) discover
[0.474s] Level 1:colcon.colcon_core.package_discovery:discover_packages(path) using defaults
[0.553s] Level 1:colcon.colcon_core.package_discovery:discover_packages(prefix_path) check parameters
[0.553s] Level 1:colcon.colcon_core.package_discovery:discover_packages(prefix_path) discover
[0.561s] DEBUG:colcon.colcon_installed_package_information.package_discovery:Found 1 installed packages in /home/robotica/Robotica-Taller-1-Final/ros2_ws/install
[0.563s] DEBUG:colcon.colcon_installed_package_information.package_discovery:Found 272 installed packages in /opt/ros/humble
[0.565s] Level 1:colcon.colcon_core.package_discovery:discover_packages(prefix_path) using defaults
[0.639s] Level 5:colcon.colcon_core.verb:set package 'turtle_bot_3' build argument 'cmake_args' from command line to 'None'
[0.639s] Level 5:colcon.colcon_core.verb:set package 'turtle_bot_3' build argument 'cmake_target' from command line to 'None'
[0.639s] Level 5:colcon.colcon_core.verb:set package 'turtle_bot_3' build argument 'cmake_target_skip_unavailable' from command line to 'False'
[0.639s] Level 5:colcon.colcon_core.verb:set package 'turtle_bot_3' build argument 'cmake_clean_cache' from command line to 'False'
[0.639s] Level 5:colcon.colcon_core.verb:set package 'turtle_bot_3' build argument 'cmake_clean_first' from command line to 'False'
[0.639s] Level 5:colcon.colcon_core.verb:set package 'turtle_bot_3' build argument 'cmake_force_configure' from command line to 'False'
[0.639s] Level 5:colcon.colcon_core.verb:set package 'turtle_bot_3' build argument 'ament_cmake_args' from command line to 'None'
[0.639s] Level 5:colcon.colcon_core.verb:set package 'turtle_bot_3' build argument 'catkin_cmake_args' from command line to 'None'
[0.639s] Level 5:colcon.colcon_core.verb:set package 'turtle_bot_3' build argument 'catkin_skip_building_tests' from command line to 'False'
[0.639s] DEBUG:colcon.colcon_core.verb:Building package 'turtle_bot_3' with the following arguments: {'ament_cmake_args': None, 'build_base': '/home/robotica/Robotica-Taller-1-Final/ros2_ws/build/turtle_bot_3', 'catkin_cmake_args': None, 'catkin_skip_building_tests': False, 'cmake_args': None, 'cmake_clean_cache': False, 'cmake_clean_first': False, 'cmake_force_configure': False, 'cmake_target': None, 'cmake_target_skip_unavailable': False, 'install_base': '/home/robotica/Robotica-Taller-1-Final/ros2_ws/install/turtle_bot_3', 'merge_install': False, 'path': '/home/robotica/Robotica-Taller-1-Final/ros2_ws/src/turtle_bot_3', 'symlink_install': False, 'test_result_base': None}
[0.640s] INFO:colcon.colcon_core.executor:Executing jobs using 'parallel' executor
[0.642s] DEBUG:colcon.colcon_parallel_executor.executor.parallel:run_until_complete
[0.643s] INFO:colcon.colcon_ros.task.ament_python.build:Building ROS package in '/home/robotica/Robotica-Taller-1-Final/ros2_ws/src/turtle_bot_3' with build type 'ament_python'
[0.644s] Level 1:colcon.colcon_core.shell:create_environment_hook('turtle_bot_3', 'ament_prefix_path')
[0.649s] INFO:colcon.colcon_core.plugin_system:Skipping extension 'colcon_core.shell.bat': Not used on non-Windows systems
[0.649s] INFO:colcon.colcon_core.shell:Creating environment hook '/home/robotica/Robotica-Taller-1-Final/ros2_ws/install/turtle_bot_3/share/turtle_bot_3/hook/ament_prefix_path.ps1'
[0.651s] INFO:colcon.colcon_core.shell:Creating environment descriptor '/home/robotica/Robotica-Taller-1-Final/ros2_ws/install/turtle_bot_3/share/turtle_bot_3/hook/ament_prefix_path.dsv'
[0.653s] INFO:colcon.colcon_core.shell:Creating environment hook '/home/robotica/Robotica-Taller-1-Final/ros2_ws/install/turtle_bot_3/share/turtle_bot_3/hook/ament_prefix_path.sh'
[0.656s] INFO:colcon.colcon_core.shell:Skip shell extension 'powershell' for command environment: Not usable outside of PowerShell
[0.656s] DEBUG:colcon.colcon_core.shell:Skip shell extension 'dsv' for command environment
[1.137s] INFO:colcon.colcon_core.task.python.build:Building Python package in '/home/robotica/Robotica-Taller-1-Final/ros2_ws/src/turtle_bot_3'
[1.138s] INFO:colcon.colcon_core.shell:Skip shell extension 'powershell' for command environment: Not usable outside of PowerShell
[1.138s] DEBUG:colcon.colcon_core.shell:Skip shell extension 'dsv' for command environment
[1.908s] DEBUG:colcon.colcon_core.event_handler.log_command:Invoking command in '/home/robotica/Robotica-Taller-1-Final/ros2_ws/src/turtle_bot_3': PYTHONPATH=/home/robotica/Robotica-Taller-1-Final/ros2_ws/build/turtle_bot_3/prefix_override:/usr/lib/python3/dist-packages/colcon_core/task/python/colcon_distutils_commands:/home/robotica/Robotica-Taller-1-Final/ros2_ws/install/turtle_bot_3/lib/python3.10/site-packages:${PYTHONPATH} /usr/bin/python3 -W ignore:setup.py install is deprecated -W ignore:easy_install command is deprecated setup.py egg_info --egg-base ../../build/turtle_bot_3 build --build-base /home/robotica/Robotica-Taller-1-Final/ros2_ws/build/turtle_bot_3/build install --record /home/robotica/Robotica-Taller-1-Final/ros2_ws/build/turtle_bot_3/install.log --single-version-externally-managed install_data
[2.471s] Level 1:colcon.colcon_core.environment:checking '/home/robotica/Robotica-Taller-1-Final/ros2_ws/install/turtle_bot_3' for CMake module files
[2.474s] DEBUG:colcon.colcon_core.event_handler.log_command:Invoked command in '/home/robotica/Robotica-Taller-1-Final/ros2_ws/src/turtle_bot_3' returned '0': PYTHONPATH=/home/robotica/Robotica-Taller-1-Final/ros2_ws/build/turtle_bot_3/prefix_override:/usr/lib/python3/dist-packages/colcon_core/task/python/colcon_distutils_commands:/home/robotica/Robotica-Taller-1-Final/ros2_ws/install/turtle_bot_3/lib/python3.10/site-packages:${PYTHONPATH} /usr/bin/python3 -W ignore:setup.py install is deprecated -W ignore:easy_install command is deprecated setup.py egg_info --egg-base ../../build/turtle_bot_3 build --build-base /home/robotica/Robotica-Taller-1-Final/ros2_ws/build/turtle_bot_3/build install --record /home/robotica/Robotica-Taller-1-Final/ros2_ws/build/turtle_bot_3/install.log --single-version-externally-managed install_data
[2.477s] Level 1:colcon.colcon_core.environment:checking '/home/robotica/Robotica-Taller-1-Final/ros2_ws/install/turtle_bot_3' for CMake config files
[2.477s] Level 1:colcon.colcon_core.environment:checking '/home/robotica/Robotica-Taller-1-Final/ros2_ws/install/turtle_bot_3/lib'
[2.478s] Level 1:colcon.colcon_core.environment:checking '/home/robotica/Robotica-Taller-1-Final/ros2_ws/install/turtle_bot_3/bin'
[2.478s] Level 1:colcon.colcon_core.environment:checking '/home/robotica/Robotica-Taller-1-Final/ros2_ws/install/turtle_bot_3/lib/pkgconfig/turtle_bot_3.pc'
[2.479s] Level 1:colcon.colcon_core.environment:checking '/home/robotica/Robotica-Taller-1-Final/ros2_ws/install/turtle_bot_3/lib/python3.10/site-packages'
[2.479s] Level 1:colcon.colcon_core.shell:create_environment_hook('turtle_bot_3', 'pythonpath')
[2.479s] INFO:colcon.colcon_core.shell:Creating environment hook '/home/robotica/Robotica-Taller-1-Final/ros2_ws/install/turtle_bot_3/share/turtle_bot_3/hook/pythonpath.ps1'
[2.481s] INFO:colcon.colcon_core.shell:Creating environment descriptor '/home/robotica/Robotica-Taller-1-Final/ros2_ws/install/turtle_bot_3/share/turtle_bot_3/hook/pythonpath.dsv'
[2.483s] INFO:colcon.colcon_core.shell:Creating environment hook '/home/robotica/Robotica-Taller-1-Final/ros2_ws/install/turtle_bot_3/share/turtle_bot_3/hook/pythonpath.sh'
[2.486s] Level 1:colcon.colcon_core.environment:checking '/home/robotica/Robotica-Taller-1-Final/ros2_ws/install/turtle_bot_3/bin'
[2.488s] Level 1:colcon.colcon_core.environment:create_environment_scripts_only(turtle_bot_3)
[2.490s] INFO:colcon.colcon_core.shell:Creating package script '/home/robotica/Robotica-Taller-1-Final/ros2_ws/install/turtle_bot_3/share/turtle_bot_3/package.ps1'
[2.496s] INFO:colcon.colcon_core.shell:Creating package descriptor '/home/robotica/Robotica-Taller-1-Final/ros2_ws/install/turtle_bot_3/share/turtle_bot_3/package.dsv'
[2.498s] INFO:colcon.colcon_core.shell:Creating package script '/home/robotica/Robotica-Taller-1-Final/ros2_ws/install/turtle_bot_3/share/turtle_bot_3/package.sh'
[2.505s] INFO:colcon.colcon_core.shell:Creating package script '/home/robotica/Robotica-Taller-1-Final/ros2_ws/install/turtle_bot_3/share/turtle_bot_3/package.bash'
[2.508s] INFO:colcon.colcon_core.shell:Creating package script '/home/robotica/Robotica-Taller-1-Final/ros2_ws/install/turtle_bot_3/share/turtle_bot_3/package.zsh'
[2.514s] Level 1:colcon.colcon_core.environment:create_file_with_runtime_dependencies(/home/robotica/Robotica-Taller-1-Final/ros2_ws/install/turtle_bot_3/share/colcon-core/packages/turtle_bot_3)
[2.518s] DEBUG:colcon.colcon_parallel_executor.executor.parallel:closing loop
[2.519s] DEBUG:colcon.colcon_parallel_executor.executor.parallel:loop closed
[2.520s] DEBUG:colcon.colcon_parallel_executor.executor.parallel:run_until_complete finished with '0'
[2.520s] DEBUG:colcon.colcon_core.event_reactor:joining thread
[2.539s] INFO:colcon.colcon_core.plugin_system:Skipping extension 'colcon_notification.desktop_notification.terminal_notifier': Not used on non-Darwin systems
[2.539s] INFO:colcon.colcon_core.plugin_system:Skipping extension 'colcon_notification.desktop_notification.win32': Not used on non-Windows systems
[2.540s] INFO:colcon.colcon_notification.desktop_notification:Sending desktop notification using 'notify2'
[2.578s] DEBUG:colcon.colcon_core.event_reactor:joined thread
[2.580s] INFO:colcon.colcon_core.shell:Creating prefix script '/home/robotica/Robotica-Taller-1-Final/ros2_ws/install/local_setup.ps1'
[2.584s] INFO:colcon.colcon_core.shell:Creating prefix util module '/home/robotica/Robotica-Taller-1-Final/ros2_ws/install/_local_setup_util_ps1.py'
[2.589s] INFO:colcon.colcon_core.shell:Creating prefix chain script '/home/robotica/Robotica-Taller-1-Final/ros2_ws/install/setup.ps1'
[2.593s] INFO:colcon.colcon_core.shell:Creating prefix script '/home/robotica/Robotica-Taller-1-Final/ros2_ws/install/local_setup.sh'
[2.594s] INFO:colcon.colcon_core.shell:Creating prefix util module '/home/robotica/Robotica-Taller-1-Final/ros2_ws/install/_local_setup_util_sh.py'
[2.596s] INFO:colcon.colcon_core.shell:Creating prefix chain script '/home/robotica/Robotica-Taller-1-Final/ros2_ws/install/setup.sh'
[2.600s] INFO:colcon.colcon_core.shell:Creating prefix script '/home/robotica/Robotica-Taller-1-Final/ros2_ws/install/local_setup.bash'
[2.601s] INFO:colcon.colcon_core.shell:Creating prefix chain script '/home/robotica/Robotica-Taller-1-Final/ros2_ws/install/setup.bash'
[2.604s] INFO:colcon.colcon_core.shell:Creating prefix script '/home/robotica/Robotica-Taller-1-Final/ros2_ws/install/local_setup.zsh'
[2.605s] INFO:colcon.colcon_core.shell:Creating prefix chain script '/home/robotica/Robotica-Taller-1-Final/ros2_ws/install/setup.zsh'
