[1.312s] Invoking command in '/home/robotica/ros2_ws/src/turtle_bot_3': PYTHONPATH=/home/robotica/ros2_ws/build/turtle_bot_3/prefix_override:/usr/lib/python3/dist-packages/colcon_core/task/python/colcon_distutils_commands:/home/robotica/ros2_ws/install/turtle_bot_3/lib/python3.10/site-packages:${PYTHONPATH} /usr/bin/python3 -W ignore:setup.py install is deprecated -W ignore:easy_install command is deprecated setup.py egg_info --egg-base ../../build/turtle_bot_3 build --build-base /home/robotica/ros2_ws/build/turtle_bot_3/build install --record /home/robotica/ros2_ws/build/turtle_bot_3/install.log --single-version-externally-managed install_data
[1.604s] running egg_info
[1.611s] creating ../../build/turtle_bot_3/turtle_bot_3.egg-info
[1.612s] writing ../../build/turtle_bot_3/turtle_bot_3.egg-info/PKG-INFO
[1.612s] writing dependency_links to ../../build/turtle_bot_3/turtle_bot_3.egg-info/dependency_links.txt
[1.612s] writing entry points to ../../build/turtle_bot_3/turtle_bot_3.egg-info/entry_points.txt
[1.612s] writing requirements to ../../build/turtle_bot_3/turtle_bot_3.egg-info/requires.txt
[1.612s] writing top-level names to ../../build/turtle_bot_3/turtle_bot_3.egg-info/top_level.txt
[1.612s] writing manifest file '../../build/turtle_bot_3/turtle_bot_3.egg-info/SOURCES.txt'
[1.612s] reading manifest file '../../build/turtle_bot_3/turtle_bot_3.egg-info/SOURCES.txt'
[1.612s] writing manifest file '../../build/turtle_bot_3/turtle_bot_3.egg-info/SOURCES.txt'
[1.612s] running build
[1.612s] running build_py
[1.613s] creating /home/robotica/ros2_ws/build/turtle_bot_3/build
[1.613s] creating /home/robotica/ros2_ws/build/turtle_bot_3/build/lib
[1.613s] creating /home/robotica/ros2_ws/build/turtle_bot_3/build/lib/turtle_bot_3
[1.613s] copying turtle_bot_3/turtle_bot_player.py -> /home/robotica/ros2_ws/build/turtle_bot_3/build/lib/turtle_bot_3
[1.613s] copying turtle_bot_3/turtle_bot_interface.py -> /home/robotica/ros2_ws/build/turtle_bot_3/build/lib/turtle_bot_3
[1.613s] copying turtle_bot_3/__init__.py -> /home/robotica/ros2_ws/build/turtle_bot_3/build/lib/turtle_bot_3
[1.613s] copying turtle_bot_3/turtle_bot_teleop.py -> /home/robotica/ros2_ws/build/turtle_bot_3/build/lib/turtle_bot_3
[1.613s] running install
[1.613s] running install_lib
[1.614s] creating /home/robotica/ros2_ws/install/turtle_bot_3/lib/python3.10/site-packages/turtle_bot_3
[1.614s] copying /home/robotica/ros2_ws/build/turtle_bot_3/build/lib/turtle_bot_3/turtle_bot_player.py -> /home/robotica/ros2_ws/install/turtle_bot_3/lib/python3.10/site-packages/turtle_bot_3
[1.614s] copying /home/robotica/ros2_ws/build/turtle_bot_3/build/lib/turtle_bot_3/turtle_bot_interface.py -> /home/robotica/ros2_ws/install/turtle_bot_3/lib/python3.10/site-packages/turtle_bot_3
[1.614s] copying /home/robotica/ros2_ws/build/turtle_bot_3/build/lib/turtle_bot_3/__init__.py -> /home/robotica/ros2_ws/install/turtle_bot_3/lib/python3.10/site-packages/turtle_bot_3
[1.615s] copying /home/robotica/ros2_ws/build/turtle_bot_3/build/lib/turtle_bot_3/turtle_bot_teleop.py -> /home/robotica/ros2_ws/install/turtle_bot_3/lib/python3.10/site-packages/turtle_bot_3
[1.616s] byte-compiling /home/robotica/ros2_ws/install/turtle_bot_3/lib/python3.10/site-packages/turtle_bot_3/turtle_bot_player.py to turtle_bot_player.cpython-310.pyc
[1.616s] byte-compiling /home/robotica/ros2_ws/install/turtle_bot_3/lib/python3.10/site-packages/turtle_bot_3/turtle_bot_interface.py to turtle_bot_interface.cpython-310.pyc
[1.624s] byte-compiling /home/robotica/ros2_ws/install/turtle_bot_3/lib/python3.10/site-packages/turtle_bot_3/__init__.py to __init__.cpython-310.pyc
[1.624s] byte-compiling /home/robotica/ros2_ws/install/turtle_bot_3/lib/python3.10/site-packages/turtle_bot_3/turtle_bot_teleop.py to turtle_bot_teleop.cpython-310.pyc
[1.624s] running install_data
[1.625s] creating /home/robotica/ros2_ws/install/turtle_bot_3/share/ament_index
[1.625s] creating /home/robotica/ros2_ws/install/turtle_bot_3/share/ament_index/resource_index
[1.625s] creating /home/robotica/ros2_ws/install/turtle_bot_3/share/ament_index/resource_index/packages
[1.625s] copying resource/turtle_bot_3 -> /home/robotica/ros2_ws/install/turtle_bot_3/share/ament_index/resource_index/packages
[1.625s] copying package.xml -> /home/robotica/ros2_ws/install/turtle_bot_3/share/turtle_bot_3
[1.625s] running install_egg_info
[1.645s] Copying ../../build/turtle_bot_3/turtle_bot_3.egg-info to /home/robotica/ros2_ws/install/turtle_bot_3/lib/python3.10/site-packages/turtle_bot_3-0.0.0-py3.10.egg-info
[1.646s] running install_scripts
[1.674s] Installing turtle_bot_interface script to /home/robotica/ros2_ws/install/turtle_bot_3/lib/turtle_bot_3
[1.674s] Installing turtle_bot_player script to /home/robotica/ros2_ws/install/turtle_bot_3/lib/turtle_bot_3
[1.674s] Installing turtle_bot_teleop script to /home/robotica/ros2_ws/install/turtle_bot_3/lib/turtle_bot_3
[1.675s] writing list of installed files to '/home/robotica/ros2_ws/build/turtle_bot_3/install.log'
[1.726s] Invoked command in '/home/robotica/ros2_ws/src/turtle_bot_3' returned '0': PYTHONPATH=/home/robotica/ros2_ws/build/turtle_bot_3/prefix_override:/usr/lib/python3/dist-packages/colcon_core/task/python/colcon_distutils_commands:/home/robotica/ros2_ws/install/turtle_bot_3/lib/python3.10/site-packages:${PYTHONPATH} /usr/bin/python3 -W ignore:setup.py install is deprecated -W ignore:easy_install command is deprecated setup.py egg_info --egg-base ../../build/turtle_bot_3 build --build-base /home/robotica/ros2_ws/build/turtle_bot_3/build install --record /home/robotica/ros2_ws/build/turtle_bot_3/install.log --single-version-externally-managed install_data
