[0.088s] DEBUG:colcon:Command line arguments: ['/usr/bin/colcon', 'build', '--packages-select', 'turtle_bot_3']
[0.088s] DEBUG:colcon:Parsed command line arguments: Namespace(log_base=None, log_level=None, verb_name='build', build_base='build', install_base='install', merge_install=False, symlink_install=False, test_result_base=None, continue_on_error=False, executor='parallel', parallel_workers=4, event_handlers=None, ignore_user_meta=False, metas=['./colcon.meta'], base_paths=['.'], packages_ignore=None, packages_ignore_regex=None, paths=None, packages_up_to=None, packages_up_to_regex=None, packages_above=None, packages_above_and_dependencies=None, packages_above_depth=None, packages_select_by_dep=None, packages_skip_by_dep=None, packages_skip_up_to=None, packages_select_build_failed=False, packages_skip_build_finished=False, packages_select_test_failures=False, packages_skip_test_passed=False, packages_select=['turtle_bot_3'], packages_skip=None, packages_select_regex=None, packages_skip_regex=None, packages_start=None, packages_end=None, allow_overriding=[], cmake_args=None, cmake_target=None, cmake_target_skip_unavailable=False, cmake_clean_cache=False, cmake_clean_first=False, cmake_force_configure=False, ament_cmake_args=None, catkin_cmake_args=None, catkin_skip_building_tests=False, mixin_files=None, mixin=None, verb_parser=<colcon_mixin.mixin.mixin_argument.MixinArgumentDecorator object at 0x7f6cef6c96f0>, verb_extension=<colcon_core.verb.build.BuildVerb object at 0x7f6cef6c9240>, main=<bound method BuildVerb.main of <colcon_core.verb.build.BuildVerb object at 0x7f6cef6c9240>>, mixin_verb=('build',))
[0.200s] Level 1:colcon.colcon_core.package_discovery:discover_packages(colcon_meta) check parameters
[0.200s] Level 1:colcon.colcon_core.package_discovery:discover_packages(recursive) check parameters
[0.200s] Level 1:colcon.colcon_core.package_discovery:discover_packages(ignore) check parameters
[0.200s] Level 1:colcon.colcon_core.package_discovery:discover_packages(path) check parameters
[0.200s] Level 1:colcon.colcon_core.package_discovery:discover_packages(colcon_meta) discover
[0.200s] Level 1:colcon.colcon_core.package_discovery:discover_packages(recursive) discover
[0.200s] INFO:colcon.colcon_core.package_discovery:Crawling recursively for packages in '/home/robotica/ros2_ws'
[0.201s] Level 1:colcon.colcon_core.package_identification:_identify(.) by extensions ['ignore', 'ignore_ament_install']
[0.201s] Level 1:colcon.colcon_core.package_identification:_identify(.) by extension 'ignore'
[0.201s] Level 1:colcon.colcon_core.package_identification:_identify(.) by extension 'ignore_ament_install'
[0.201s] Level 1:colcon.colcon_core.package_identification:_identify(.) by extensions ['colcon_pkg']
[0.201s] Level 1:colcon.colcon_core.package_identification:_identify(.) by extension 'colcon_pkg'
[0.201s] Level 1:colcon.colcon_core.package_identification:_identify(.) by extensions ['colcon_meta']
[0.201s] Level 1:colcon.colcon_core.package_identification:_identify(.) by extension 'colcon_meta'
[0.201s] Level 1:colcon.colcon_core.package_identification:_identify(.) by extensions ['ros']
[0.201s] Level 1:colcon.colcon_core.package_identification:_identify(.) by extension 'ros'
[0.212s] Level 1:colcon.colcon_core.package_identification:_identify(.) by extensions ['cmake', 'python']
[0.212s] Level 1:colcon.colcon_core.package_identification:_identify(.) by extension 'cmake'
[0.212s] Level 1:colcon.colcon_core.package_identification:_identify(.) by extension 'python'
[0.212s] Level 1:colcon.colcon_core.package_identification:_identify(.) by extensions ['python_setup_py']
[0.212s] Level 1:colcon.colcon_core.package_identification:_identify(.) by extension 'python_setup_py'
[0.212s] Level 1:colcon.colcon_core.package_identification:_identify(build) by extensions ['ignore', 'ignore_ament_install']
[0.212s] Level 1:colcon.colcon_core.package_identification:_identify(build) by extension 'ignore'
[0.212s] Level 1:colcon.colcon_core.package_identification:_identify(build) ignored
[0.212s] Level 1:colcon.colcon_core.package_identification:_identify(install) by extensions ['ignore', 'ignore_ament_install']
[0.212s] Level 1:colcon.colcon_core.package_identification:_identify(install) by extension 'ignore'
[0.212s] Level 1:colcon.colcon_core.package_identification:_identify(install) ignored
[0.212s] Level 1:colcon.colcon_core.package_identification:_identify(log) by extensions ['ignore', 'ignore_ament_install']
[0.212s] Level 1:colcon.colcon_core.package_identification:_identify(log) by extension 'ignore'
[0.213s] Level 1:colcon.colcon_core.package_identification:_identify(log) ignored
[0.213s] Level 1:colcon.colcon_core.package_identification:_identify(src) by extensions ['ignore', 'ignore_ament_install']
[0.213s] Level 1:colcon.colcon_core.package_identification:_identify(src) by extension 'ignore'
[0.213s] Level 1:colcon.colcon_core.package_identification:_identify(src) by extension 'ignore_ament_install'
[0.213s] Level 1:colcon.colcon_core.package_identification:_identify(src) by extensions ['colcon_pkg']
[0.213s] Level 1:colcon.colcon_core.package_identification:_identify(src) by extension 'colcon_pkg'
[0.213s] Level 1:colcon.colcon_core.package_identification:_identify(src) by extensions ['colcon_meta']
[0.213s] Level 1:colcon.colcon_core.package_identification:_identify(src) by extension 'colcon_meta'
[0.213s] Level 1:colcon.colcon_core.package_identification:_identify(src) by extensions ['ros']
[0.213s] Level 1:colcon.colcon_core.package_identification:_identify(src) by extension 'ros'
[0.213s] Level 1:colcon.colcon_core.package_identification:_identify(src) by extensions ['cmake', 'python']
[0.213s] Level 1:colcon.colcon_core.package_identification:_identify(src) by extension 'cmake'
[0.213s] Level 1:colcon.colcon_core.package_identification:_identify(src) by extension 'python'
[0.213s] Level 1:colcon.colcon_core.package_identification:_identify(src) by extensions ['python_setup_py']
[0.213s] Level 1:colcon.colcon_core.package_identification:_identify(src) by extension 'python_setup_py'
[0.213s] Level 1:colcon.colcon_core.package_identification:_identify(src/turtle_bot_3) by extensions ['ignore', 'ignore_ament_install']
[0.213s] Level 1:colcon.colcon_core.package_identification:_identify(src/turtle_bot_3) by extension 'ignore'
[0.213s] Level 1:colcon.colcon_core.package_identification:_identify(src/turtle_bot_3) by extension 'ignore_ament_install'
[0.213s] Level 1:colcon.colcon_core.package_identification:_identify(src/turtle_bot_3) by extensions ['colcon_pkg']
[0.213s] Level 1:colcon.colcon_core.package_identification:_identify(src/turtle_bot_3) by extension 'colcon_pkg'
[0.213s] Level 1:colcon.colcon_core.package_identification:_identify(src/turtle_bot_3) by extensions ['colcon_meta']
[0.213s] Level 1:colcon.colcon_core.package_identification:_identify(src/turtle_bot_3) by extension 'colcon_meta'
[0.213s] Level 1:colcon.colcon_core.package_identification:_identify(src/turtle_bot_3) by extensions ['ros']
[0.213s] Level 1:colcon.colcon_core.package_identification:_identify(src/turtle_bot_3) by extension 'ros'
[0.215s] DEBUG:colcon.colcon_core.package_identification:Package 'src/turtle_bot_3' with type 'ros.ament_python' and name 'turtle_bot_3'
[0.216s] Level 1:colcon.colcon_core.package_discovery:discover_packages(recursive) using defaults
[0.216s] Level 1:colcon.colcon_core.package_discovery:discover_packages(ignore) discover
[0.216s] Level 1:colcon.colcon_core.package_discovery:discover_packages(ignore) using defaults
[0.216s] Level 1:colcon.colcon_core.package_discovery:discover_packages(path) discover
[0.216s] Level 1:colcon.colcon_core.package_discovery:discover_packages(path) using defaults
[0.241s] Level 1:colcon.colcon_core.package_discovery:discover_packages(prefix_path) check parameters
[0.241s] Level 1:colcon.colcon_core.package_discovery:discover_packages(prefix_path) discover
[0.243s] DEBUG:colcon.colcon_installed_package_information.package_discovery:Found 272 installed packages in /opt/ros/humble
[0.244s] Level 1:colcon.colcon_core.package_discovery:discover_packages(prefix_path) using defaults
[0.269s] Level 5:colcon.colcon_core.verb:set package 'turtle_bot_3' build argument 'cmake_args' from command line to 'None'
[0.269s] Level 5:colcon.colcon_core.verb:set package 'turtle_bot_3' build argument 'cmake_target' from command line to 'None'
[0.269s] Level 5:colcon.colcon_core.verb:set package 'turtle_bot_3' build argument 'cmake_target_skip_unavailable' from command line to 'False'
[0.269s] Level 5:colcon.colcon_core.verb:set package 'turtle_bot_3' build argument 'cmake_clean_cache' from command line to 'False'
[0.269s] Level 5:colcon.colcon_core.verb:set package 'turtle_bot_3' build argument 'cmake_clean_first' from command line to 'False'
[0.269s] Level 5:colcon.colcon_core.verb:set package 'turtle_bot_3' build argument 'cmake_force_configure' from command line to 'False'
[0.269s] Level 5:colcon.colcon_core.verb:set package 'turtle_bot_3' build argument 'ament_cmake_args' from command line to 'None'
[0.269s] Level 5:colcon.colcon_core.verb:set package 'turtle_bot_3' build argument 'catkin_cmake_args' from command line to 'None'
[0.269s] Level 5:colcon.colcon_core.verb:set package 'turtle_bot_3' build argument 'catkin_skip_building_tests' from command line to 'False'
[0.269s] DEBUG:colcon.colcon_core.verb:Building package 'turtle_bot_3' with the following arguments: {'ament_cmake_args': None, 'build_base': '/home/robotica/ros2_ws/build/turtle_bot_3', 'catkin_cmake_args': None, 'catkin_skip_building_tests': False, 'cmake_args': None, 'cmake_clean_cache': False, 'cmake_clean_first': False, 'cmake_force_configure': False, 'cmake_target': None, 'cmake_target_skip_unavailable': False, 'install_base': '/home/robotica/ros2_ws/install/turtle_bot_3', 'merge_install': False, 'path': '/home/robotica/ros2_ws/src/turtle_bot_3', 'symlink_install': False, 'test_result_base': None}
[0.269s] INFO:colcon.colcon_core.executor:Executing jobs using 'parallel' executor
[0.270s] DEBUG:colcon.colcon_parallel_executor.executor.parallel:run_until_complete
[0.271s] INFO:colcon.colcon_ros.task.ament_python.build:Building ROS package in '/home/robotica/ros2_ws/src/turtle_bot_3' with build type 'ament_python'
[0.271s] Level 1:colcon.colcon_core.shell:create_environment_hook('turtle_bot_3', 'ament_prefix_path')
[0.275s] INFO:colcon.colcon_core.plugin_system:Skipping extension 'colcon_core.shell.bat': Not used on non-Windows systems
[0.275s] INFO:colcon.colcon_core.shell:Creating environment hook '/home/robotica/ros2_ws/install/turtle_bot_3/share/turtle_bot_3/hook/ament_prefix_path.ps1'
[0.276s] INFO:colcon.colcon_core.shell:Creating environment descriptor '/home/robotica/ros2_ws/install/turtle_bot_3/share/turtle_bot_3/hook/ament_prefix_path.dsv'
[0.277s] INFO:colcon.colcon_core.shell:Creating environment hook '/home/robotica/ros2_ws/install/turtle_bot_3/share/turtle_bot_3/hook/ament_prefix_path.sh'
[0.278s] INFO:colcon.colcon_core.shell:Skip shell extension 'powershell' for command environment: Not usable outside of PowerShell
[0.278s] DEBUG:colcon.colcon_core.shell:Skip shell extension 'dsv' for command environment
[0.520s] INFO:colcon.colcon_core.task.python.build:Building Python package in '/home/robotica/ros2_ws/src/turtle_bot_3'
[0.522s] INFO:colcon.colcon_core.shell:Skip shell extension 'powershell' for command environment: Not usable outside of PowerShell
[0.522s] DEBUG:colcon.colcon_core.shell:Skip shell extension 'dsv' for command environment
[0.853s] DEBUG:colcon.colcon_core.event_handler.log_command:Invoking command in '/home/robotica/ros2_ws/src/turtle_bot_3': PYTHONPATH=/home/robotica/ros2_ws/build/turtle_bot_3/prefix_override:/usr/lib/python3/dist-packages/colcon_core/task/python/colcon_distutils_commands:/home/robotica/ros2_ws/install/turtle_bot_3/lib/python3.10/site-packages:${PYTHONPATH} /usr/bin/python3 -W ignore:setup.py install is deprecated -W ignore:easy_install command is deprecated setup.py egg_info --egg-base ../../build/turtle_bot_3 build --build-base /home/robotica/ros2_ws/build/turtle_bot_3/build install --record /home/robotica/ros2_ws/build/turtle_bot_3/install.log --single-version-externally-managed install_data
[1.067s] DEBUG:colcon.colcon_core.event_handler.log_command:Invoked command in '/home/robotica/ros2_ws/src/turtle_bot_3' returned '0': PYTHONPATH=/home/robotica/ros2_ws/build/turtle_bot_3/prefix_override:/usr/lib/python3/dist-packages/colcon_core/task/python/colcon_distutils_commands:/home/robotica/ros2_ws/install/turtle_bot_3/lib/python3.10/site-packages:${PYTHONPATH} /usr/bin/python3 -W ignore:setup.py install is deprecated -W ignore:easy_install command is deprecated setup.py egg_info --egg-base ../../build/turtle_bot_3 build --build-base /home/robotica/ros2_ws/build/turtle_bot_3/build install --record /home/robotica/ros2_ws/build/turtle_bot_3/install.log --single-version-externally-managed install_data
[1.069s] Level 1:colcon.colcon_core.environment:checking '/home/robotica/ros2_ws/install/turtle_bot_3' for CMake module files
[1.069s] Level 1:colcon.colcon_core.environment:checking '/home/robotica/ros2_ws/install/turtle_bot_3' for CMake config files
[1.069s] Level 1:colcon.colcon_core.environment:checking '/home/robotica/ros2_ws/install/turtle_bot_3/lib'
[1.070s] Level 1:colcon.colcon_core.environment:checking '/home/robotica/ros2_ws/install/turtle_bot_3/bin'
[1.070s] Level 1:colcon.colcon_core.environment:checking '/home/robotica/ros2_ws/install/turtle_bot_3/lib/pkgconfig/turtle_bot_3.pc'
[1.070s] Level 1:colcon.colcon_core.environment:checking '/home/robotica/ros2_ws/install/turtle_bot_3/lib/python3.10/site-packages'
[1.070s] Level 1:colcon.colcon_core.shell:create_environment_hook('turtle_bot_3', 'pythonpath')
[1.070s] INFO:colcon.colcon_core.shell:Creating environment hook '/home/robotica/ros2_ws/install/turtle_bot_3/share/turtle_bot_3/hook/pythonpath.ps1'
[1.071s] INFO:colcon.colcon_core.shell:Creating environment descriptor '/home/robotica/ros2_ws/install/turtle_bot_3/share/turtle_bot_3/hook/pythonpath.dsv'
[1.071s] INFO:colcon.colcon_core.shell:Creating environment hook '/home/robotica/ros2_ws/install/turtle_bot_3/share/turtle_bot_3/hook/pythonpath.sh'
[1.072s] Level 1:colcon.colcon_core.environment:checking '/home/robotica/ros2_ws/install/turtle_bot_3/bin'
[1.072s] Level 1:colcon.colcon_core.environment:create_environment_scripts_only(turtle_bot_3)
[1.072s] INFO:colcon.colcon_core.shell:Creating package script '/home/robotica/ros2_ws/install/turtle_bot_3/share/turtle_bot_3/package.ps1'
[1.073s] INFO:colcon.colcon_core.shell:Creating package descriptor '/home/robotica/ros2_ws/install/turtle_bot_3/share/turtle_bot_3/package.dsv'
[1.074s] INFO:colcon.colcon_core.shell:Creating package script '/home/robotica/ros2_ws/install/turtle_bot_3/share/turtle_bot_3/package.sh'
[1.074s] INFO:colcon.colcon_core.shell:Creating package script '/home/robotica/ros2_ws/install/turtle_bot_3/share/turtle_bot_3/package.bash'
[1.075s] INFO:colcon.colcon_core.shell:Creating package script '/home/robotica/ros2_ws/install/turtle_bot_3/share/turtle_bot_3/package.zsh'
[1.076s] Level 1:colcon.colcon_core.environment:create_file_with_runtime_dependencies(/home/robotica/ros2_ws/install/turtle_bot_3/share/colcon-core/packages/turtle_bot_3)
[1.077s] DEBUG:colcon.colcon_parallel_executor.executor.parallel:closing loop
[1.077s] DEBUG:colcon.colcon_parallel_executor.executor.parallel:loop closed
[1.077s] DEBUG:colcon.colcon_parallel_executor.executor.parallel:run_until_complete finished with '0'
[1.077s] DEBUG:colcon.colcon_core.event_reactor:joining thread
[1.084s] INFO:colcon.colcon_core.plugin_system:Skipping extension 'colcon_notification.desktop_notification.terminal_notifier': Not used on non-Darwin systems
[1.084s] INFO:colcon.colcon_core.plugin_system:Skipping extension 'colcon_notification.desktop_notification.win32': Not used on non-Windows systems
[1.085s] INFO:colcon.colcon_notification.desktop_notification:Sending desktop notification using 'notify2'
[1.114s] DEBUG:colcon.colcon_core.event_reactor:joined thread
[1.114s] INFO:colcon.colcon_core.shell:Creating prefix script '/home/robotica/ros2_ws/install/local_setup.ps1'
[1.115s] INFO:colcon.colcon_core.shell:Creating prefix util module '/home/robotica/ros2_ws/install/_local_setup_util_ps1.py'
[1.118s] INFO:colcon.colcon_core.shell:Creating prefix chain script '/home/robotica/ros2_ws/install/setup.ps1'
[1.119s] INFO:colcon.colcon_core.shell:Creating prefix script '/home/robotica/ros2_ws/install/local_setup.sh'
[1.120s] INFO:colcon.colcon_core.shell:Creating prefix util module '/home/robotica/ros2_ws/install/_local_setup_util_sh.py'
[1.121s] INFO:colcon.colcon_core.shell:Creating prefix chain script '/home/robotica/ros2_ws/install/setup.sh'
[1.122s] INFO:colcon.colcon_core.shell:Creating prefix script '/home/robotica/ros2_ws/install/local_setup.bash'
[1.122s] INFO:colcon.colcon_core.shell:Creating prefix chain script '/home/robotica/ros2_ws/install/setup.bash'
[1.123s] INFO:colcon.colcon_core.shell:Creating prefix script '/home/robotica/ros2_ws/install/local_setup.zsh'
[1.124s] INFO:colcon.colcon_core.shell:Creating prefix chain script '/home/robotica/ros2_ws/install/setup.zsh'
